<html>
<body>
<pre>
<h1>µVision Build Log</h1>
<h2>Tool Versions:</h2>
IDE-Version: µVision V5.31.0.0
Copyright (C) 2020 ARM Ltd and ARM Germany GmbH. All rights reserved.
License Information: Le Loc, UTE, LIC=----
 
Tool Versions:
Toolchain:       MDK-ARM Plus  Version: 5.31.0.0
Toolchain Path:  C:\Keil_v5\ARM\ARMCLANG\Bin
C Compiler:      ArmClang.exe V6.14
Assembler:       Armasm.exe V6.14
Linker/Locator:  ArmLink.exe V6.14
Library Manager: ArmAr.exe V6.14
Hex Converter:   FromElf.exe V6.14
CPU DLL:         SARMCM3.DLL V5.31.0.0
Dialog DLL:      DCM.DLL V1.17.3.0
Target DLL:      STLink\ST-LINKIII-KEIL_SWO.dll V3.0.7.0
Dialog DLL:      TCM.DLL V1.46.0.0
 
<h2>Project:</h2>
C:\Users\Loc\OneDrive\Desktop\HALA\RTOS_course_HALA\OS.uvprojx
Project File Date:  01/17/2025

<h2>Output:</h2>
*** Using Compiler 'V6.14', folder: 'C:\Keil_v5\ARM\ARMCLANG\Bin'
Rebuild target 'OS'
Note: source file '.\osKernel.s' - object file renamed from '.\Objects\osKernel.o' to '.\Objects\oskernel_1.o'.
Note: source file '.\osKernel.s' - object file renamed from '.\Objects\osKernel.o' to '.\Objects\oskernel_1.o'.
main.c(2): warning: In file included from...
./oskernel.h(1): warning: missing terminating '"' character [-Winvalid-pp-token]
#include "
         ^
./oskernel.h(1): error: expected "FILENAME" or <FILENAME>
./oskernel.h(5): warning: no newline at end of file [-Wnewline-eof]
void osKernelInit(void);
                        ^
main.c(6): warning: no previous prototype for function 'Task0' [-Wmissing-prototypes]
void Task0(){
     ^
main.c(6): note: declare 'static' if the function is not intended to be used outside of this translation unit
void Task0(){
^
static 
main.c(11): warning: no previous prototype for function 'Task1' [-Wmissing-prototypes]
void Task1(){
     ^
main.c(11): note: declare 'static' if the function is not intended to be used outside of this translation unit
void Task1(){
^
static 
main.c(16): warning: no previous prototype for function 'Task2' [-Wmissing-prototypes]
void Task2(){
     ^
main.c(16): note: declare 'static' if the function is not intended to be used outside of this translation unit
void Task2(){
^
static 
main.c(28): warning: no newline at end of file [-Wnewline-eof]
}
 ^
main.c(5): warning: no previous extern declaration for non-static variable 'i0' [-Wmissing-variable-declarations]
uint32_t i0,i1,i2;
         ^
main.c(5): note: declare 'static' if the variable is not intended to be used outside of this translation unit
uint32_t i0,i1,i2;
^
main.c(5): warning: no previous extern declaration for non-static variable 'i1' [-Wmissing-variable-declarations]
uint32_t i0,i1,i2;
            ^
main.c(5): note: declare 'static' if the variable is not intended to be used outside of this translation unit
uint32_t i0,i1,i2;
^
main.c(5): warning: no previous extern declaration for non-static variable 'i2' [-Wmissing-variable-declarations]
uint32_t i0,i1,i2;
               ^
main.c(5): note: declare 'static' if the variable is not intended to be used outside of this translation unit
uint32_t i0,i1,i2;
^
9 warnings and 1 error generated.
compiling main.c...
osKernel.c(1): warning: In file included from...
./oskernel.h(1): warning: missing terminating '"' character [-Winvalid-pp-token]
#include "
         ^
./oskernel.h(1): error: expected "FILENAME" or <FILENAME>
./oskernel.h(5): warning: no newline at end of file [-Wnewline-eof]
void osKernelInit(void);
                        ^
osKernel.c(50): error: use of undeclared identifier 'SysTick'
        SysTick->CTRL = SYSTICK_RST;
        ^
osKernel.c(52): error: use of undeclared identifier 'SysTick'
        SysTick->VAL = 0;
        ^
osKernel.c(54): error: use of undeclared identifier 'SysTick'
        SysTick->LOAD = (quanta*MILLIS_PRESCALER-1);
        ^
osKernel.c(56): warning: implicit declaration of function 'NVIC_SetPriority' is invalid in C99 [-Wimplicit-function-declaration]
        NVIC_SetPriority(SysTick_IRQn, 15);
        ^
osKernel.c(56): error: use of undeclared identifier 'SysTick_IRQn'
        NVIC_SetPriority(SysTick_IRQn, 15);
                         ^
osKernel.c(58): error: use of undeclared identifier 'SysTick'
        SysTick->CTRL |= CTRL_CLCKSRC|CTRL_ENABLE;
        ^
osKernel.c(60): error: use of undeclared identifier 'SysTick'
        SysTick->CTRL |= CTRL_TICKINT;
        ^
osKernel.c(62): warning: implicit declaration of function 'osSchedulerLaunch' is invalid in C99 [-Wimplicit-function-declaration]
        osSchedulerLaunch();
        ^
osKernel.c(92): warning: implicit declaration of function '__disable_irq' is invalid in C99 [-Wimplicit-function-declaration]
        __disable_irq();
        ^
osKernel.c(108): warning: implicit declaration of function '__enable_irq' is invalid in C99 [-Wimplicit-function-declaration]
        __enable_irq();
        ^
osKernel.c(14): warning: no previous extern declaration for non-static variable 'tcbs' [-Wmissing-variable-declarations]
tcbType tcbs[NUM_OF_THREADS];
        ^
osKernel.c(14): note: declare 'static' if the variable is not intended to be used outside of this translation unit
tcbType tcbs[NUM_OF_THREADS];
^
osKernel.c(16): warning: no previous extern declaration for non-static variable 'currentPt' [-Wmissing-variable-declarations]
tcbType *currentPt;
         ^
osKernel.c(16): note: declare 'static' if the variable is not intended to be used outside of this translation unit
tcbType *currentPt;
^
osKernel.c(22): warning: no previous extern declaration for non-static variable 'TCB_STACK' [-Wmissing-variable-declarations]
uint32_t TCB_STACK[NUM_OF_THREADS][STACK_SIZE];
         ^
osKernel.c(22): note: declare 'static' if the variable is not intended to be used outside of this translation unit
uint32_t TCB_STACK[NUM_OF_THREADS][STACK_SIZE];
^
osKernel.c(34): warning: no previous extern declaration for non-static variable 'MILLIS_PRESCALER' [-Wmissing-variable-declarations]
uint32_t MILLIS_PRESCALER;
         ^
osKernel.c(34): note: declare 'static' if the variable is not intended to be used outside of this translation unit
uint32_t MILLIS_PRESCALER;
^
10 warnings and 7 errors generated.
compiling osKernel.c...
"osKernel.s", line 21: Warning: A1313W: Missing END directive at end of file
   21 0000001e 
"osKernel.s", line 21: Warning: A1581W: Added 2 bytes of padding at address 0x1e
   21 00000020 
0 Errors, 2 Warnings
assembling osKernel.s...
".\Objects\OS.axf" - 8 Error(s), 19 Warning(s).

<h2>Software Packages used:</h2>

Package Vendor: ARM
                https://www.keil.com/pack/ARM.CMSIS.6.1.0.pack
                ARM.CMSIS.6.1.0
                CMSIS (Common Microcontroller Software Interface Standard)
   * Component: CORE Version: 6.1.0

Package Vendor: Keil
                https://www.keil.com/pack/Keil.STM32F4xx_DFP.3.0.0.pack
                Keil.STM32F4xx_DFP.3.0.0
                STMicroelectronics STM32F4 Series Device Support
   * Component: CubeMX Version: 1.0.0

<h2>Collection of Component include folders:</h2>
  .\RTE\_OS
  C:\Users\Loc\AppData\Local\Arm\Packs\ARM\CMSIS\6.1.0\CMSIS\Core\Include

<h2>Collection of Component Files used:</h2>

   * Component: ARM::CMSIS:CORE:6.1.0

   * Component: Keil::Device:CubeMX:1.0.0
Target not created.
Build Time Elapsed:  00:00:01
</pre>
</body>
</html>
